============================= test session starts ==============================
platform linux -- Python 3.11.0rc1, pytest-9.0.3, pluggy-1.6.0 -- /usr/bin/python3.11
cachedir: .pytest_cache
rootdir: /home/ubuntu/aim-drag-v2
plugins: anyio-4.13.0
collecting ... collected 140 items

test_secure_coding_gate.py::TestCWERegistry::test_all_entries_have_valid_severity PASSED [  0%]
test_secure_coding_gate.py::TestCWERegistry::test_classify_cwe_priority PASSED [  1%]
test_secure_coding_gate.py::TestCWERegistry::test_get_cwe_entry_found PASSED [  2%]
test_secure_coding_gate.py::TestCWERegistry::test_get_cwe_entry_not_found PASSED [  2%]
test_secure_coding_gate.py::TestCWERegistry::test_is_cwe_mapping_vague PASSED [  3%]
test_secure_coding_gate.py::TestCWERegistry::test_kev_listed_flags_per_mitre_table PASSED [  4%]
test_secure_coding_gate.py::TestCWERegistry::test_registry_contains_exact_mitre_2025_top_25 PASSED [  5%]
test_secure_coding_gate.py::TestCWERegistry::test_registry_does_not_contain_removed_cwes PASSED [  5%]
test_secure_coding_gate.py::TestCWERegistry::test_registry_has_exactly_25_entries PASSED [  6%]
test_secure_coding_gate.py::TestCWERegistry::test_validate_cwe_exists_accepts_non_top25 PASSED [  7%]
test_secure_coding_gate.py::TestCWERegistry::test_validate_cwe_exists_rejects_invalid PASSED [  7%]
test_secure_coding_gate.py::TestCWERegistry::test_validate_cwe_mapping_does_not_reject_non_top25 PASSED [  8%]
test_secure_coding_gate.py::TestSHA256Validation::test_evidence_bundle_rejects_invalid_hash PASSED [  9%]
test_secure_coding_gate.py::TestSHA256Validation::test_rejects_empty PASSED [ 10%]
test_secure_coding_gate.py::TestSHA256Validation::test_rejects_non_hex_chars PASSED [ 10%]
test_secure_coding_gate.py::TestSHA256Validation::test_rejects_uppercase PASSED [ 11%]
test_secure_coding_gate.py::TestSHA256Validation::test_rejects_wrong_length PASSED [ 12%]
test_secure_coding_gate.py::TestSHA256Validation::test_valid_sha256 PASSED [ 12%]
test_secure_coding_gate.py::TestSARIF::test_sarif_aggregator_clear PASSED [ 13%]
test_secure_coding_gate.py::TestSARIF::test_sarif_bundle_cwe_ids PASSED  [ 14%]
test_secure_coding_gate.py::TestSARIF::test_sarif_bundle_hash_is_deterministic PASSED [ 15%]
test_secure_coding_gate.py::TestSARIF::test_sarif_bundle_resolved PASSED [ 15%]
test_secure_coding_gate.py::TestSARIF::test_sarif_bundle_unresolved_results PASSED [ 16%]
test_secure_coding_gate.py::TestSARIF::test_sarif_result_to_dict PASSED  [ 17%]
test_secure_coding_gate.py::TestPatternEnforcementEngine::test_clean_source_passes PASSED [ 17%]
test_secure_coding_gate.py::TestPatternEnforcementEngine::test_scan_multiple_files PASSED [ 18%]
test_secure_coding_gate.py::TestPatternEnforcementEngine::test_subprocess_list_form_allowed PASSED [ 19%]
test_secure_coding_gate.py::TestPatternEnforcementEngine::test_subprocess_shell_true_blocked PASSED [ 20%]
test_secure_coding_gate.py::TestPatternEnforcementEngine::test_vulnerable_source_fails PASSED [ 20%]
test_secure_coding_gate.py::TestPatternEnforcementEngine::test_waiver_eligible_rule PASSED [ 21%]
test_secure_coding_gate.py::TestASTEnforcementEngine::test_allows_subprocess_list_form PASSED [ 22%]
test_secure_coding_gate.py::TestASTEnforcementEngine::test_allows_yaml_load_with_safeloader PASSED [ 22%]
test_secure_coding_gate.py::TestASTEnforcementEngine::test_allows_yaml_safe_load PASSED [ 23%]
test_secure_coding_gate.py::TestASTEnforcementEngine::test_bans_yaml_load_without_safeloader PASSED [ 24%]
test_secure_coding_gate.py::TestASTEnforcementEngine::test_clean_source_passes PASSED [ 25%]
test_secure_coding_gate.py::TestASTEnforcementEngine::test_detects_cursor_execute PASSED [ 25%]
test_secure_coding_gate.py::TestASTEnforcementEngine::test_detects_eval PASSED [ 26%]
test_secure_coding_gate.py::TestASTEnforcementEngine::test_detects_exec PASSED [ 27%]
test_secure_coding_gate.py::TestASTEnforcementEngine::test_detects_hashlib_md5 PASSED [ 27%]
test_secure_coding_gate.py::TestASTEnforcementEngine::test_detects_os_system PASSED [ 28%]
test_secure_coding_gate.py::TestASTEnforcementEngine::test_detects_pickle_loads PASSED [ 29%]
test_secure_coding_gate.py::TestASTEnforcementEngine::test_detects_requests_get PASSED [ 30%]
test_secure_coding_gate.py::TestASTEnforcementEngine::test_detects_subprocess_shell_true PASSED [ 30%]
test_secure_coding_gate.py::TestASTEnforcementEngine::test_does_not_flag_string_containing_dangerous_call PASSED [ 31%]
test_secure_coding_gate.py::TestASTEnforcementEngine::test_falls_back_to_pattern_for_non_python PASSED [ 32%]
test_secure_coding_gate.py::TestASTEnforcementEngine::test_scan_multiple_files PASSED [ 32%]
test_secure_coding_gate.py::TestSecurityEvidenceBundle::test_bundle_hash_is_deterministic PASSED [ 33%]
test_secure_coding_gate.py::TestSecurityEvidenceBundle::test_invalid_hash_fails_validation PASSED [ 34%]
test_secure_coding_gate.py::TestSecurityEvidenceBundle::test_invalid_qneo_decision_fails PASSED [ 35%]
test_secure_coding_gate.py::TestSecurityEvidenceBundle::test_missing_model_id_fails PASSED [ 35%]
test_secure_coding_gate.py::TestSecurityEvidenceBundle::test_temperature_out_of_range_fails PASSED [ 36%]
test_secure_coding_gate.py::TestSecurityEvidenceBundle::test_valid_bundle_passes_validation PASSED [ 37%]
test_secure_coding_gate.py::TestSecurityEvidenceBundle::test_valid_qneo_decisions PASSED [ 37%]
test_secure_coding_gate.py::TestSecurityEvidenceBundle::test_z64_hash_fails_validation PASSED [ 38%]
test_secure_coding_gate.py::TestTestExecutionResult::test_compute_hash_includes_test_output PASSED [ 39%]
test_secure_coding_gate.py::TestTestExecutionResult::test_compute_hash_is_deterministic PASSED [ 40%]
test_secure_coding_gate.py::TestTestExecutionResult::test_different_results_different_hash PASSED [ 40%]
test_secure_coding_gate.py::TestPatchAnalysis::test_hash_properties PASSED [ 41%]
test_secure_coding_gate.py::TestPatchAnalysis::test_identical_source_produces_empty_diff PASSED [ 42%]
test_secure_coding_gate.py::TestPatchAnalysis::test_large_change_not_minimal PASSED [ 42%]
test_secure_coding_gate.py::TestPatchAnalysis::test_minimal_patch_detected PASSED [ 43%]
test_secure_coding_gate.py::TestPatchAnalysis::test_patch_diff_uses_unified_format PASSED [ 44%]
test_secure_coding_gate.py::TestPatchAnalysis::test_single_line_insert_is_minimal PASSED [ 45%]
test_secure_coding_gate.py::TestPipelineSteps::test_full_pipeline_passes PASSED [ 45%]
test_secure_coding_gate.py::TestPipelineSteps::test_pipeline_step_order PASSED [ 46%]
test_secure_coding_gate.py::TestPipelineSteps::test_step_01_records_correctly PASSED [ 47%]
test_secure_coding_gate.py::TestPipelineSteps::test_step_02_fails_without_step_01 PASSED [ 47%]
test_secure_coding_gate.py::TestPipelineSteps::test_step_02_normalizes_and_hashes PASSED [ 48%]
test_secure_coding_gate.py::TestPipelineSteps::test_step_11_accepts_qneo_decision_parameter PASSED [ 49%]
test_secure_coding_gate.py::TestPipelineSteps::test_step_11_blocks_when_prior_steps_failed PASSED [ 50%]
test_secure_coding_gate.py::TestPipelineSteps::test_step_11_blocks_when_steps_missing PASSED [ 50%]
test_secure_coding_gate.py::TestPipelineSteps::test_step_11_rejects_invalid_qneo_decision PASSED [ 51%]
test_secure_coding_gate.py::TestRescanComparison::test_clean_rescan_passes PASSED [ 52%]
test_secure_coding_gate.py::TestRescanComparison::test_rescan_allows_waived_warnings PASSED [ 52%]
test_secure_coding_gate.py::TestRescanComparison::test_rescan_blocks_new_errors PASSED [ 53%]
test_secure_coding_gate.py::TestRescanComparison::test_rescan_blocks_new_top25_cwe PASSED [ 54%]
test_secure_coding_gate.py::TestRescanComparison::test_rescan_blocks_new_unwaived_warnings PASSED [ 55%]
test_secure_coding_gate.py::TestRescanComparison::test_rescan_fails_with_no_results PASSED [ 55%]
test_secure_coding_gate.py::TestHumanReview::test_invalid_review_no_evidence_hash PASSED [ 56%]
test_secure_coding_gate.py::TestHumanReview::test_invalid_review_no_identity PASSED [ 57%]
test_secure_coding_gate.py::TestHumanReview::test_valid_review PASSED    [ 57%]
test_secure_coding_gate.py::TestPipelineSummary::test_summary_structure PASSED [ 58%]
test_qneo_security_gate.py::TestQNEOAllow::test_allow_all_conditions_met PASSED [ 59%]
test_qneo_security_gate.py::TestQNEOAllow::test_allow_condition_a1_scanner_findings_resolved PASSED [ 60%]
test_qneo_security_gate.py::TestQNEOAllow::test_allow_condition_a2_ast_gate_passes PASSED [ 60%]
test_qneo_security_gate.py::TestQNEOAllow::test_allow_condition_a3_tests_pass PASSED [ 61%]
test_qneo_security_gate.py::TestQNEOAllow::test_allow_condition_a4_patched_code_rescanned PASSED [ 62%]
test_qneo_security_gate.py::TestQNEOAllow::test_allow_condition_a5_patch_is_minimal PASSED [ 62%]
test_qneo_security_gate.py::TestQNEOAllow::test_allow_condition_a6_cwe_classification_correct PASSED [ 63%]
test_qneo_security_gate.py::TestQNEOAllow::test_allow_condition_a7_human_reviewer_signs_off PASSED [ 64%]
test_qneo_security_gate.py::TestQNEOAllow::test_allow_condition_a8_evidence_bundle_complete PASSED [ 65%]
test_qneo_security_gate.py::TestQNEOAllow::test_not_allow_when_patch_not_minimal PASSED [ 65%]
test_qneo_security_gate.py::TestQNEOAllow::test_not_allow_when_scanner_findings_unresolved PASSED [ 66%]
test_qneo_security_gate.py::TestQNEOAllow::test_not_allow_when_tests_fail PASSED [ 67%]
test_qneo_security_gate.py::TestQNEOHold::test_hold_h1_llm_extra_issues_without_scanner_support PASSED [ 67%]
test_qneo_security_gate.py::TestQNEOHold::test_hold_h2_scanner_llm_disagree PASSED [ 68%]
test_qneo_security_gate.py::TestQNEOHold::test_hold_h3_cwe_mapping_vague PASSED [ 69%]
test_qneo_security_gate.py::TestQNEOHold::test_hold_h4_patch_changes_unrelated_code PASSED [ 70%]
test_qneo_security_gate.py::TestQNEOHold::test_hold_h5_false_positive_needs_expert_review PASSED [ 70%]
test_qneo_security_gate.py::TestQNEOHold::test_hold_h6_fix_removes_functionality_without_proof PASSED [ 71%]
test_qneo_security_gate.py::TestQNEOFailClosed::test_fail_closed_takes_priority_over_hold PASSED [ 72%]
test_qneo_security_gate.py::TestQNEOFailClosed::test_fail_closed_takes_priority_over_rollback PASSED [ 72%]
test_qneo_security_gate.py::TestQNEOFailClosed::test_fc1_scanner_output_missing PASSED [ 73%]
test_qneo_security_gate.py::TestQNEOFailClosed::test_fc2_ast_gate_missing PASSED [ 74%]
test_qneo_security_gate.py::TestQNEOFailClosed::test_fc3_patched_code_not_rescanned PASSED [ 75%]
test_qneo_security_gate.py::TestQNEOFailClosed::test_fc4_llm_patch_disables_validation PASSED [ 75%]
test_qneo_security_gate.py::TestQNEOFailClosed::test_fc5_llm_patch_suppresses_tests PASSED [ 76%]
test_qneo_security_gate.py::TestQNEOFailClosed::test_fc6_llm_patch_removes_logging PASSED [ 77%]
test_qneo_security_gate.py::TestQNEOFailClosed::test_fc7_unsafe_calls_without_waiver PASSED [ 77%]
test_qneo_security_gate.py::TestQNEOFailClosed::test_fc8_manual_security_review_missing PASSED [ 78%]
test_qneo_security_gate.py::TestQNEOFailClosed::test_fc9_qneo_evidence_hash_missing PASSED [ 79%]
test_qneo_security_gate.py::TestQNEOFailClosed::test_multiple_fc_conditions PASSED [ 80%]
test_qneo_security_gate.py::TestQNEORollback::test_multiple_rollback_conditions PASSED [ 80%]
test_qneo_security_gate.py::TestQNEORollback::test_rb1_post_merge_new_high_risk_issue PASSED [ 81%]
test_qneo_security_gate.py::TestQNEORollback::test_rb2_runtime_exploit_behavior PASSED [ 82%]
test_qneo_security_gate.py::TestQNEORollback::test_rb3_qneo_risk_risen_after_deployment PASSED [ 82%]
test_qneo_security_gate.py::TestQNEORollback::test_rb4_incident_linked_to_ai_patch PASSED [ 83%]
test_qneo_security_gate.py::TestQNEORollback::test_rb5_patch_evidence_not_reconstructable PASSED [ 84%]
test_qneo_security_gate.py::TestQNEORollback::test_rollback_takes_priority_over_hold PASSED [ 85%]
test_qneo_security_gate.py::TestQNEODecisionPriority::test_default_fail_closed_when_no_conditions_met PASSED [ 85%]
test_qneo_security_gate.py::TestQNEODecisionPriority::test_priority_fc_over_rb_over_hold PASSED [ 86%]
test_qneo_security_gate.py::TestQNEODecisionRecord::test_conditions_count PASSED [ 87%]
test_qneo_security_gate.py::TestQNEODecisionRecord::test_decisions_are_recorded PASSED [ 87%]
test_qneo_security_gate.py::TestQNEODecisionRecord::test_policy_snapshot_contains_rules PASSED [ 88%]
test_qneo_security_gate.py::TestQNEODecisionRecord::test_record_has_all_fields PASSED [ 89%]
test_qneo_security_gate.py::TestQNEODecisionRecord::test_record_to_dict PASSED [ 90%]
test_qneo_security_gate.py::TestSecureCodingGateExecutor::test_executor_allow PASSED [ 90%]
test_qneo_security_gate.py::TestSecureCodingGateExecutor::test_executor_fail_closed PASSED [ 91%]
test_qneo_security_gate.py::TestSecureCodingGateExecutor::test_executor_hold PASSED [ 92%]
test_qneo_security_gate.py::TestSecureCodingGateExecutor::test_executor_records_decisions PASSED [ 92%]
test_qneo_security_gate.py::TestSecureCodingGateExecutor::test_executor_rollback PASSED [ 93%]
test_qneo_security_gate.py::TestStateVectorConstruction::test_build_from_pipeline_complete PASSED [ 94%]
test_qneo_security_gate.py::TestStateVectorConstruction::test_build_from_pipeline_empty PASSED [ 95%]
test_qneo_security_gate.py::TestStateVectorConstruction::test_state_vector_to_dict PASSED [ 95%]
test_qneo_security_gate.py::TestEdgeCases::test_auto_generated_trace_id PASSED [ 96%]
test_qneo_security_gate.py::TestEdgeCases::test_custom_actor_identity PASSED [ 97%]
test_qneo_security_gate.py::TestEdgeCases::test_custom_trace_id PASSED   [ 97%]
test_qneo_security_gate.py::TestEdgeCases::test_empty_state_vector_fails_closed PASSED [ 98%]
test_qneo_security_gate.py::TestEdgeCases::test_no_llm_review_still_evaluates PASSED [ 99%]
test_qneo_security_gate.py::TestEdgeCases::test_unapproved_human_review_triggers_fc8 PASSED [100%]

=============================== warnings summary ===============================
secure_coding_gate.py:1159
  /home/ubuntu/aim-drag-v2/secure_coding_gate.py:1159: PytestCollectionWarning: cannot collect test class 'TestExecutionResult' because it has a __init__ constructor (from: test_secure_coding_gate.py)
    @dataclass

secure_coding_gate.py:1159
  /home/ubuntu/aim-drag-v2/secure_coding_gate.py:1159: PytestCollectionWarning: cannot collect test class 'TestExecutionResult' because it has a __init__ constructor (from: test_qneo_security_gate.py)
    @dataclass

-- Docs: https://docs.pytest.org/en/stable/how-to/capture-warnings.html
======================= 140 passed, 2 warnings in 0.24s ========================
